// 重构日志: 872a526a
// 重构日志: 15481922
// 重构日志: 1964b423
// 重构日志: 1fc60699
// 重构日志: 95ed8418
// 重构日志: 3c84025c
// 重构日志: 1fe06338
// 重构日志: adcba522
// 同步 ID: 9b174b2a @ Sun Jul 12 15:50:07 UTC 2026
// 重构日志: 8d91be18
// 同步 ID: b0dbe3ba @ Mon Jul 13 15:54:34 UTC 2026
// 同步 ID: bd32c70f @ Tue Jul 14 14:59:37 UTC 2026
// 重构日志: 8552b52a
// 同步 ID: 32467eee @ Wed Jul 15 14:38:35 UTC 2026
// 重构日志: 28cae992
// 重构日志: 6be901bf
// 同步 ID: a18e09cf @ Fri Jul 17 03:53:25 UTC 2026
// 重构日志: d46388bf
// 同步 ID: 046fc3e4 @ Fri Jul 17 15:41:07 UTC 2026
// 重构日志: 50926d59
// 重构日志: 4d11c8c7
// 重构日志: bed0e221
// 同步 ID: ac55f483 @ Sun Jul 19 00:42:20 UTC 2026
// 重构日志: fbbf58f3
// 重构日志: ecf35d34
// 同步 ID: 54f524ad @ Mon Jul 20 22:20:51 UTC 2026
// 重构日志: 5620ea13
// 同步 ID: ae7c71f2 @ Wed Jul 22 09:43:27 UTC 2026
// 重构日志: c67295d6
// 同步 ID: c8c63534 @ Wed Jul 22 14:48:28 UTC 2026
// 重构日志: ab477e84
// 重构日志: e9f804be
